<?xml version="1.0" encoding="UTF-8"?>
<testsuite name="com.bridgelabz.InvoiceServiceTest" tests="2" skipped="0" failures="0" errors="0" timestamp="2021-08-15T12:08:40" hostname="DEEPSINGH" time="0.006">
  <properties/>
  <testcase name="WhenGivenLessDistanceAndTimeShouldReturnMiniFare" classname="com.bridgelabz.InvoiceServiceTest" time="0.006"/>
  <testcase name="whenGivenDistanceAndTimeShouldReturnTotalFare" classname="com.bridgelabz.InvoiceServiceTest" time="0.0"/>
  <system-out><![CDATA[]]></system-out>
  <system-err><![CDATA[]]></system-err>
</testsuite>
