<?xml version="1.0" encoding="UTF-8"?>
<testsuite name="com.bridgelabz.InvoiceServiceTest" tests="1" skipped="0" failures="0" errors="0" timestamp="2021-08-15T12:16:40" hostname="DEEPSINGH" time="0.015">
  <properties/>
  <testcase name="whenGivenMultipleRidesShouldReturnTotalFare" classname="com.bridgelabz.InvoiceServiceTest" time="0.015"/>
  <system-out><![CDATA[Total Fare = 30.0
]]></system-out>
  <system-err><![CDATA[]]></system-err>
</testsuite>
